<?xml version="1.0" encoding="UTF-8"?>
<testng-results skipped="0" failed="0" total="1" passed="1">
  <reporter-output>
  </reporter-output>
  <suite name="Default suite" duration-ms="18567" started-at="2014-09-19T10:59:31Z" finished-at="2014-09-19T10:59:50Z">
    <groups>
    </groups>
    <test name="Default test" duration-ms="18567" started-at="2014-09-19T10:59:31Z" finished-at="2014-09-19T10:59:50Z">
      <class name="persistent.code.DesiredCap">
        <test-method status="PASS" signature="f()[pri:0, instance:persistent.code.DesiredCap@727249]" name="f" duration-ms="18521" started-at="2014-09-19T10:59:31Z" finished-at="2014-09-19T10:59:50Z">
          <reporter-output>
          </reporter-output>
        </test-method> <!-- f -->
      </class> <!-- persistent.code.DesiredCap -->
    </test> <!-- Default test -->
  </suite> <!-- Default suite -->
</testng-results>
